<?xml version="1.0" encoding="UTF-8"?>
<!-- Generated by org.testng.reporters.JUnitReportReporter -->
<testsuite hostname="DESKTOP-SDTGPN5" failures="0" tests="1" name="NewProject.searchFunctionality" time="32.872" errors="0" timestamp="2024-02-16T18:02:12 IST" skipped="0">
  <testcase classname="NewProject.searchFunctionality" name="searchItems" time="32.872"/>
  <system-out/>
</testsuite> <!-- NewProject.searchFunctionality -->
